{"P:\\LoginSystem\\public\\main.js": {"path":"P:\\LoginSystem\\public\\main.js","statementMap":{"0":{"start":{"line":3,"column":0},"end":{"line":144,"column":5}},"1":{"start":{"line":5,"column":12},"end":{"line":8,"column":3}},"2":{"start":{"line":6,"column":20},"end":{"line":6,"column":48}},"3":{"start":{"line":7,"column":4},"end":{"line":7,"column":19}},"4":{"start":{"line":10,"column":19},"end":{"line":16,"column":3}},"5":{"start":{"line":11,"column":20},"end":{"line":11,"column":35}},"6":{"start":{"line":12,"column":4},"end":{"line":12,"column":40}},"7":{"start":{"line":13,"column":20},"end":{"line":13,"column":50}},"8":{"start":{"line":14,"column":4},"end":{"line":14,"column":35}},"9":{"start":{"line":15,"column":4},"end":{"line":15,"column":28}},"10":{"start":{"line":18,"column":21},"end":{"line":22,"column":3}},"11":{"start":{"line":19,"column":20},"end":{"line":19,"column":35}},"12":{"start":{"line":20,"column":4},"end":{"line":20,"column":38}},"13":{"start":{"line":21,"column":4},"end":{"line":21,"column":37}},"14":{"start":{"line":24,"column":23},"end":{"line":33,"column":3}},"15":{"start":{"line":25,"column":17},"end":{"line":25,"column":19}},"16":{"start":{"line":26,"column":21},"end":{"line":28,"column":5}},"17":{"start":{"line":29,"column":4},"end":{"line":31,"column":5}},"18":{"start":{"line":30,"column":6},"end":{"line":30,"column":67}},"19":{"start":{"line":32,"column":4},"end":{"line":32,"column":26}},"20":{"start":{"line":35,"column":26},"end":{"line":53,"column":3}},"21":{"start":{"line":36,"column":17},"end":{"line":36,"column":19}},"22":{"start":{"line":37,"column":29},"end":{"line":37,"column":48}},"23":{"start":{"line":38,"column":22},"end":{"line":38,"column":41}},"24":{"start":{"line":40,"column":4},"end":{"line":52,"column":5}},"25":{"start":{"line":42,"column":8},"end":{"line":42,"column":68}},"26":{"start":{"line":43,"column":8},"end":{"line":43,"column":22}},"27":{"start":{"line":45,"column":8},"end":{"line":45,"column":73}},"28":{"start":{"line":46,"column":8},"end":{"line":46,"column":22}},"29":{"start":{"line":48,"column":8},"end":{"line":48,"column":64}},"30":{"start":{"line":49,"column":8},"end":{"line":49,"column":22}},"31":{"start":{"line":51,"column":8},"end":{"line":51,"column":20}},"32":{"start":{"line":55,"column":33},"end":{"line":63,"column":3}},"33":{"start":{"line":56,"column":17},"end":{"line":56,"column":19}},"34":{"start":{"line":57,"column":4},"end":{"line":60,"column":5}},"35":{"start":{"line":58,"column":6},"end":{"line":58,"column":44}},"36":{"start":{"line":59,"column":6},"end":{"line":59,"column":20}},"37":{"start":{"line":62,"column":4},"end":{"line":62,"column":26}},"38":{"start":{"line":65,"column":26},"end":{"line":76,"column":3}},"39":{"start":{"line":66,"column":17},"end":{"line":66,"column":19}},"40":{"start":{"line":67,"column":22},"end":{"line":67,"column":41}},"41":{"start":{"line":68,"column":4},"end":{"line":71,"column":5}},"42":{"start":{"line":69,"column":6},"end":{"line":69,"column":61}},"43":{"start":{"line":70,"column":6},"end":{"line":70,"column":20}},"44":{"start":{"line":72,"column":4},"end":{"line":74,"column":5}},"45":{"start":{"line":73,"column":6},"end":{"line":73,"column":51}},"46":{"start":{"line":75,"column":4},"end":{"line":75,"column":26}},"47":{"start":{"line":78,"column":22},"end":{"line":93,"column":3}},"48":{"start":{"line":79,"column":4},"end":{"line":79,"column":24}},"49":{"start":{"line":80,"column":24},"end":{"line":80,"column":55}},"50":{"start":{"line":81,"column":24},"end":{"line":81,"column":55}},"51":{"start":{"line":82,"column":31},"end":{"line":85,"column":5}},"52":{"start":{"line":86,"column":21},"end":{"line":86,"column":46}},"53":{"start":{"line":88,"column":4},"end":{"line":88,"column":48}},"54":{"start":{"line":89,"column":4},"end":{"line":89,"column":48}},"55":{"start":{"line":90,"column":4},"end":{"line":90,"column":41}},"56":{"start":{"line":92,"column":4},"end":{"line":92,"column":87}},"57":{"start":{"line":95,"column":29},"end":{"line":101,"column":3}},"58":{"start":{"line":96,"column":4},"end":{"line":100,"column":5}},"59":{"start":{"line":97,"column":6},"end":{"line":97,"column":29}},"60":{"start":{"line":99,"column":6},"end":{"line":99,"column":24}},"61":{"start":{"line":107,"column":17},"end":{"line":107,"column":51}},"62":{"start":{"line":108,"column":17},"end":{"line":108,"column":50}},"63":{"start":{"line":109,"column":20},"end":{"line":109,"column":35}},"64":{"start":{"line":112,"column":19},"end":{"line":112,"column":37}},"65":{"start":{"line":113,"column":19},"end":{"line":113,"column":41}},"66":{"start":{"line":114,"column":26},"end":{"line":114,"column":55}},"67":{"start":{"line":115,"column":16},"end":{"line":115,"column":35}},"68":{"start":{"line":116,"column":17},"end":{"line":116,"column":37}},"69":{"start":{"line":121,"column":4},"end":{"line":123,"column":7}},"70":{"start":{"line":122,"column":6},"end":{"line":122,"column":53}},"71":{"start":{"line":124,"column":4},"end":{"line":126,"column":7}},"72":{"start":{"line":125,"column":6},"end":{"line":125,"column":56}},"73":{"start":{"line":129,"column":4},"end":{"line":129,"column":50}},"74":{"start":{"line":132,"column":2},"end":{"line":143,"column":4}}},"fnMap":{"0":{"name":"(anonymous_0)","decl":{"start":{"line":3,"column":1},"end":{"line":3,"column":2}},"loc":{"start":{"line":3,"column":13},"end":{"line":144,"column":1}},"line":3},"1":{"name":"(anonymous_1)","decl":{"start":{"line":5,"column":12},"end":{"line":5,"column":13}},"loc":{"start":{"line":5,"column":22},"end":{"line":8,"column":3}},"line":5},"2":{"name":"(anonymous_2)","decl":{"start":{"line":10,"column":19},"end":{"line":10,"column":20}},"loc":{"start":{"line":10,"column":58},"end":{"line":16,"column":3}},"line":10},"3":{"name":"(anonymous_3)","decl":{"start":{"line":18,"column":21},"end":{"line":18,"column":22}},"loc":{"start":{"line":18,"column":31},"end":{"line":22,"column":3}},"line":18},"4":{"name":"(anonymous_4)","decl":{"start":{"line":24,"column":23},"end":{"line":24,"column":24}},"loc":{"start":{"line":24,"column":34},"end":{"line":33,"column":3}},"line":24},"5":{"name":"(anonymous_5)","decl":{"start":{"line":35,"column":26},"end":{"line":35,"column":27}},"loc":{"start":{"line":35,"column":36},"end":{"line":53,"column":3}},"line":35},"6":{"name":"(anonymous_6)","decl":{"start":{"line":55,"column":33},"end":{"line":55,"column":34}},"loc":{"start":{"line":55,"column":56},"end":{"line":63,"column":3}},"line":55},"7":{"name":"(anonymous_7)","decl":{"start":{"line":65,"column":26},"end":{"line":65,"column":27}},"loc":{"start":{"line":65,"column":40},"end":{"line":76,"column":3}},"line":65},"8":{"name":"(anonymous_8)","decl":{"start":{"line":78,"column":22},"end":{"line":78,"column":23}},"loc":{"start":{"line":78,"column":30},"end":{"line":93,"column":3}},"line":78},"9":{"name":"(anonymous_9)","decl":{"start":{"line":95,"column":29},"end":{"line":95,"column":30}},"loc":{"start":{"line":95,"column":47},"end":{"line":101,"column":3}},"line":95},"10":{"name":"(anonymous_10)","decl":{"start":{"line":121,"column":37},"end":{"line":121,"column":38}},"loc":{"start":{"line":121,"column":45},"end":{"line":123,"column":5}},"line":121},"11":{"name":"(anonymous_11)","decl":{"start":{"line":124,"column":37},"end":{"line":124,"column":38}},"loc":{"start":{"line":124,"column":45},"end":{"line":126,"column":5}},"line":124}},"branchMap":{"0":{"loc":{"start":{"line":10,"column":26},"end":{"line":10,"column":53}},"type":"default-arg","locations":[{"start":{"line":10,"column":32},"end":{"line":10,"column":53}}],"line":10},"1":{"loc":{"start":{"line":29,"column":4},"end":{"line":31,"column":5}},"type":"if","locations":[{"start":{"line":29,"column":4},"end":{"line":31,"column":5}},{"start":{"line":29,"column":4},"end":{"line":31,"column":5}}],"line":29},"2":{"loc":{"start":{"line":32,"column":11},"end":{"line":32,"column":25}},"type":"binary-expr","locations":[{"start":{"line":32,"column":11},"end":{"line":32,"column":17}},{"start":{"line":32,"column":21},"end":{"line":32,"column":25}}],"line":32},"3":{"loc":{"start":{"line":40,"column":4},"end":{"line":52,"column":5}},"type":"switch","locations":[{"start":{"line":41,"column":6},"end":{"line":43,"column":22}},{"start":{"line":44,"column":6},"end":{"line":46,"column":22}},{"start":{"line":47,"column":6},"end":{"line":49,"column":22}},{"start":{"line":50,"column":6},"end":{"line":51,"column":20}}],"line":40},"4":{"loc":{"start":{"line":57,"column":4},"end":{"line":60,"column":5}},"type":"if","locations":[{"start":{"line":57,"column":4},"end":{"line":60,"column":5}},{"start":{"line":57,"column":4},"end":{"line":60,"column":5}}],"line":57},"5":{"loc":{"start":{"line":62,"column":11},"end":{"line":62,"column":25}},"type":"binary-expr","locations":[{"start":{"line":62,"column":11},"end":{"line":62,"column":17}},{"start":{"line":62,"column":21},"end":{"line":62,"column":25}}],"line":62},"6":{"loc":{"start":{"line":68,"column":4},"end":{"line":71,"column":5}},"type":"if","locations":[{"start":{"line":68,"column":4},"end":{"line":71,"column":5}},{"start":{"line":68,"column":4},"end":{"line":71,"column":5}}],"line":68},"7":{"loc":{"start":{"line":72,"column":4},"end":{"line":74,"column":5}},"type":"if","locations":[{"start":{"line":72,"column":4},"end":{"line":74,"column":5}},{"start":{"line":72,"column":4},"end":{"line":74,"column":5}}],"line":72},"8":{"loc":{"start":{"line":75,"column":11},"end":{"line":75,"column":25}},"type":"binary-expr","locations":[{"start":{"line":75,"column":11},"end":{"line":75,"column":17}},{"start":{"line":75,"column":21},"end":{"line":75,"column":25}}],"line":75},"9":{"loc":{"start":{"line":92,"column":4},"end":{"line":92,"column":86}},"type":"binary-expr","locations":[{"start":{"line":92,"column":4},"end":{"line":92,"column":26}},{"start":{"line":92,"column":30},"end":{"line":92,"column":86}}],"line":92},"10":{"loc":{"start":{"line":96,"column":4},"end":{"line":100,"column":5}},"type":"if","locations":[{"start":{"line":96,"column":4},"end":{"line":100,"column":5}},{"start":{"line":96,"column":4},"end":{"line":100,"column":5}}],"line":96}},"s":{"0":1,"1":1,"2":8,"3":8,"4":1,"5":6,"6":6,"7":6,"8":6,"9":6,"10":1,"11":4,"12":4,"13":4,"14":1,"15":6,"16":6,"17":6,"18":4,"19":6,"20":1,"21":7,"22":7,"23":7,"24":7,"25":2,"26":2,"27":2,"28":2,"29":1,"30":1,"31":2,"32":1,"33":5,"34":5,"35":2,"36":2,"37":3,"38":1,"39":6,"40":6,"41":6,"42":2,"43":2,"44":4,"45":2,"46":4,"47":1,"48":3,"49":3,"50":3,"51":3,"52":3,"53":3,"54":3,"55":3,"56":3,"57":1,"58":10,"59":6,"60":4,"61":1,"62":1,"63":1,"64":1,"65":1,"66":1,"67":1,"68":1,"69":1,"70":0,"71":1,"72":0,"73":1,"74":1},"f":{"0":1,"1":8,"2":6,"3":4,"4":6,"5":7,"6":5,"7":6,"8":3,"9":10,"10":0,"11":0},"b":{"0":[0],"1":[4,2],"2":[6,2],"3":[2,2,1,2],"4":[2,3],"5":[3,3],"6":[2,4],"7":[2,2],"8":[4,2],"9":[3,1],"10":[6,4]},"_coverageSchema":"1a1c01bbd47fc00a2c39e90264f33305004495a9","hash":"4259192340c7803e17594633e9ddbc6284909086"}
}
