TN:
SF:public\main.js
FN:3,(anonymous_0)
FN:5,(anonymous_1)
FN:10,(anonymous_2)
FN:18,(anonymous_3)
FN:24,(anonymous_4)
FN:35,(anonymous_5)
FN:55,(anonymous_6)
FN:65,(anonymous_7)
FN:78,(anonymous_8)
FN:95,(anonymous_9)
FN:121,(anonymous_10)
FN:124,(anonymous_11)
FNF:12
FNH:10
FNDA:1,(anonymous_0)
FNDA:8,(anonymous_1)
FNDA:6,(anonymous_2)
FNDA:4,(anonymous_3)
FNDA:6,(anonymous_4)
FNDA:7,(anonymous_5)
FNDA:5,(anonymous_6)
FNDA:6,(anonymous_7)
FNDA:3,(anonymous_8)
FNDA:10,(anonymous_9)
FNDA:0,(anonymous_10)
FNDA:0,(anonymous_11)
DA:3,1
DA:5,1
DA:6,8
DA:7,8
DA:10,1
DA:11,6
DA:12,6
DA:13,6
DA:14,6
DA:15,6
DA:18,1
DA:19,4
DA:20,4
DA:21,4
DA:24,1
DA:25,6
DA:26,6
DA:29,6
DA:30,4
DA:32,6
DA:35,1
DA:36,7
DA:37,7
DA:38,7
DA:40,7
DA:42,2
DA:43,2
DA:45,2
DA:46,2
DA:48,1
DA:49,1
DA:51,2
DA:55,1
DA:56,5
DA:57,5
DA:58,2
DA:59,2
DA:62,3
DA:65,1
DA:66,6
DA:67,6
DA:68,6
DA:69,2
DA:70,2
DA:72,4
DA:73,2
DA:75,4
DA:78,1
DA:79,3
DA:80,3
DA:81,3
DA:82,3
DA:86,3
DA:88,3
DA:89,3
DA:90,3
DA:92,3
DA:95,1
DA:96,10
DA:97,6
DA:99,4
DA:107,1
DA:108,1
DA:109,1
DA:112,1
DA:113,1
DA:114,1
DA:115,1
DA:116,1
DA:121,1
DA:122,0
DA:124,1
DA:125,0
DA:129,1
DA:132,1
LF:75
LH:73
BRDA:10,0,0,0
BRDA:29,1,0,4
BRDA:29,1,1,2
BRDA:32,2,0,6
BRDA:32,2,1,2
BRDA:40,3,0,2
BRDA:40,3,1,2
BRDA:40,3,2,1
BRDA:40,3,3,2
BRDA:57,4,0,2
BRDA:57,4,1,3
BRDA:62,5,0,3
BRDA:62,5,1,3
BRDA:68,6,0,2
BRDA:68,6,1,4
BRDA:72,7,0,2
BRDA:72,7,1,2
BRDA:75,8,0,4
BRDA:75,8,1,2
BRDA:92,9,0,3
BRDA:92,9,1,1
BRDA:96,10,0,6
BRDA:96,10,1,4
BRF:23
BRH:22
end_of_record
